<?xml version="1.0" encoding="UTF-8"?>
<!-- Generated by org.testng.reporters.JUnitXMLReporter -->
<testsuite hostname="LAPTOP-9B5SK5LD" failures="0" tests="8" name="Default test" time="0.065" errors="0" timestamp="17 Jul 2022 21:37:28 GMT">
  <testcase classname="org.Practice.MavenpracticeTest" name="mvnsample" time="0.016"/>
  <testcase classname="org.Practice.MavenpracticeTest" name="mvnsample1" time="0.001"/>
  <testcase classname="org.Practice.MavenpracticeTest" name="mvnsample2" time="0.002"/>
  <testcase classname="org.Practice.MavenpracticeTest" name="mvnsample3" time="0.002"/>
  <testcase classname="org.Practice.Mavenpractice2Test" name="mvnsample" time="0.001"/>
  <testcase classname="org.Practice.Mavenpractice2Test" name="mvnsample1" time="0.002"/>
  <testcase classname="org.Practice.Mavenpractice2Test" name="mvnsample2" time="0.002"/>
  <testcase classname="org.Practice.Mavenpractice2Test" name="mvnsample3" time="0.002"/>
</testsuite> <!-- Default test -->
