<?xml version="1.0" encoding="UTF-8"?>
<testng-results total="8" passed="8" failed="0" skipped="0">
  <reporter-output>
  </reporter-output>
  <suite started-at="2022-07-17T21:39:24Z" name="Suite" finished-at="2022-07-17T21:39:24Z" duration-ms="57">
    <groups>
    </groups>
    <test started-at="2022-07-17T21:39:24Z" name="Test" finished-at="2022-07-17T21:39:24Z" duration-ms="57">
      <class name="org.Practice.MavenpracticeTest">
        <test-method signature="mvnsample()[pri:0, instance:org.Practice.MavenpracticeTest@327bcebd]" started-at="2022-07-18T03:09:24Z" name="mvnsample" finished-at="2022-07-18T03:09:24Z" duration-ms="18" status="PASS">
          <reporter-output>
          </reporter-output>
        </test-method> <!-- mvnsample -->
        <test-method signature="mvnsample1()[pri:0, instance:org.Practice.MavenpracticeTest@327bcebd]" started-at="2022-07-18T03:09:24Z" name="mvnsample1" finished-at="2022-07-18T03:09:24Z" duration-ms="18" status="PASS">
          <reporter-output>
          </reporter-output>
        </test-method> <!-- mvnsample1 -->
        <test-method signature="mvnsample3()[pri:0, instance:org.Practice.MavenpracticeTest@327bcebd]" started-at="2022-07-18T03:09:24Z" name="mvnsample3" finished-at="2022-07-18T03:09:24Z" duration-ms="18" status="PASS">
          <reporter-output>
          </reporter-output>
        </test-method> <!-- mvnsample3 -->
        <test-method signature="mvnsample2()[pri:0, instance:org.Practice.MavenpracticeTest@327bcebd]" started-at="2022-07-18T03:09:24Z" name="mvnsample2" finished-at="2022-07-18T03:09:24Z" duration-ms="18" status="PASS">
          <reporter-output>
          </reporter-output>
        </test-method> <!-- mvnsample2 -->
      </class> <!-- org.Practice.MavenpracticeTest -->
      <class name="org.Practice.Mavenpractice2Test">
        <test-method signature="mvnsample()[pri:0, instance:org.Practice.Mavenpractice2Test@38b27cdc]" started-at="2022-07-18T03:09:24Z" name="mvnsample" finished-at="2022-07-18T03:09:24Z" duration-ms="18" status="PASS">
          <reporter-output>
          </reporter-output>
        </test-method> <!-- mvnsample -->
        <test-method signature="mvnsample1()[pri:0, instance:org.Practice.Mavenpractice2Test@38b27cdc]" started-at="2022-07-18T03:09:24Z" name="mvnsample1" finished-at="2022-07-18T03:09:24Z" duration-ms="12" status="PASS">
          <reporter-output>
          </reporter-output>
        </test-method> <!-- mvnsample1 -->
        <test-method signature="mvnsample2()[pri:0, instance:org.Practice.Mavenpractice2Test@38b27cdc]" started-at="2022-07-18T03:09:24Z" name="mvnsample2" finished-at="2022-07-18T03:09:24Z" duration-ms="10" status="PASS">
          <reporter-output>
          </reporter-output>
        </test-method> <!-- mvnsample2 -->
        <test-method signature="mvnsample3()[pri:0, instance:org.Practice.Mavenpractice2Test@38b27cdc]" started-at="2022-07-18T03:09:24Z" name="mvnsample3" finished-at="2022-07-18T03:09:24Z" duration-ms="6" status="PASS">
          <reporter-output>
          </reporter-output>
        </test-method> <!-- mvnsample3 -->
      </class> <!-- org.Practice.Mavenpractice2Test -->
    </test> <!-- Test -->
  </suite> <!-- Suite -->
</testng-results>
